<?xml version="1.0" encoding="UTF-8"?>
<!-- Generated by org.testng.reporters.JUnitReportReporter -->
<testsuite hostname="DESKTOP-NSGQES8" failures="0" tests="2" name="CampaignTest.CreateCampaign" time="30.868" errors="0" timestamp="2025-04-04T20:17:14 IST" skipped="0">
  <testcase classname="CampaignTest.CreateCampaign" name="CreateCampaignTest" time="16.461">
    <system-out>
      <![CDATA[Campaign Banner11535 added successfully]]>
    </system-out>
  </testcase> <!-- CreateCampaignTest -->
  <testcase classname="CampaignTest.CreateCampaign" name="createCampaignWithDateTest" time="14.407">
    <system-out>
      <![CDATA[Campaign Banner11144 added successfully]]>
    </system-out>
  </testcase> <!-- createCampaignWithDateTest -->
  <system-out>
    <![CDATA[Campaign Banner11535 added successfully
Campaign Banner11144 added successfully
Product Macbook Air6068 added successfully
Validation is passed
Contact Smith_338 added successfully]]>
  </system-out>
</testsuite> <!-- CampaignTest.CreateCampaign -->
