<?xml version="1.0" encoding="UTF-8"?>
<!-- Generated by org.testng.reporters.JUnitReportReporter -->
<testsuite hostname="DESKTOP-NSGQES8" failures="0" tests="2" name="CampaignTest.CreateCampaign" time="30.421" errors="0" timestamp="2025-03-29T20:29:55 IST" skipped="0">
  <testcase classname="CampaignTest.CreateCampaign" name="createCampaignWithDateTest" time="14.636">
    <system-out>
      <![CDATA[Campaign Banner111164 added successfully]]>
    </system-out>
  </testcase> <!-- createCampaignWithDateTest -->
  <testcase classname="CampaignTest.CreateCampaign" name="CreateCampaignTest" time="15.785">
    <system-out>
      <![CDATA[Campaign Banner111311 added successfully]]>
    </system-out>
  </testcase> <!-- CreateCampaignTest -->
  <system-out>
    <![CDATA[Campaign Banner111311 added successfully
Campaign Banner111164 added successfully
Product Macbook Air7731 added successfully
Contact Smith_1572 added successfully]]>
  </system-out>
</testsuite> <!-- CampaignTest.CreateCampaign -->
