<?xml version="1.0" encoding="UTF-8"?>
<!-- Generated by org.testng.reporters.JUnitReportReporter -->
<testsuite hostname="DESKTOP-NSGQES8" failures="0" tests="1" name="ProductTest.CreateProduct" time="8.644" errors="0" timestamp="2025-04-04T20:17:14 IST" skipped="0">
  <testcase classname="ProductTest.CreateProduct" name="addProductTest" time="8.644">
    <system-out>
      <![CDATA[Product Macbook Air6068 added successfully]]>
    </system-out>
  </testcase> <!-- addProductTest -->
  <system-out>
    <![CDATA[Campaign Banner11535 added successfully
Campaign Banner11144 added successfully
Product Macbook Air6068 added successfully
Validation is passed
Contact Smith_338 added successfully]]>
  </system-out>
</testsuite> <!-- ProductTest.CreateProduct -->
