<?xml version="1.0" encoding="UTF-8"?>
<!-- Generated by org.testng.reporters.JUnitReportReporter -->
<testsuite hostname="DESKTOP-NSGQES8" failures="0" tests="1" name="ContactTest.createContact" time="23.255" errors="0" timestamp="2025-04-04T20:17:14 IST" skipped="0">
  <testcase classname="ContactTest.createContact" name="createContactWithCampaignTest" time="23.255">
    <system-out>
      <![CDATA[Contact Smith_338 added successfully]]>
    </system-out>
  </testcase> <!-- createContactWithCampaignTest -->
  <system-out>
    <![CDATA[Campaign Banner11535 added successfully
Campaign Banner11144 added successfully
Product Macbook Air6068 added successfully
Validation is passed
Contact Smith_338 added successfully]]>
  </system-out>
</testsuite> <!-- ContactTest.createContact -->
