<?xml version="1.0" encoding="UTF-8"?>
<!-- Generated by org.testng.reporters.JUnitReportReporter -->
<testsuite hostname="DESKTOP-NSGQES8" failures="0" tests="1" name="Login.LoginTest" time="3.435" errors="0" timestamp="2025-04-04T20:17:14 IST" skipped="0">
  <testcase classname="Login.LoginTest" name="LoginTest1" time="3.435">
    <system-out>
      <![CDATA[Validation is passed]]>
    </system-out>
  </testcase> <!-- LoginTest1 -->
  <system-out>
    <![CDATA[Campaign Banner11535 added successfully
Campaign Banner11144 added successfully
Product Macbook Air6068 added successfully
Validation is passed
Contact Smith_338 added successfully]]>
  </system-out>
</testsuite> <!-- Login.LoginTest -->
