<?xml version="1.0" encoding="UTF-8"?>
<!-- Generated by org.testng.reporters.JUnitReportReporter -->
<testsuite hostname="DESKTOP-NSGQES8" failures="0" tests="3" name="DDTPractice.DataProviderUsage" time="0.024" errors="0" timestamp="2025-03-25T20:41:13 IST" skipped="0">
  <testcase classname="DDTPractice.DataProviderUsage" name="testcase" time="0.005"/>
  <testcase classname="DDTPractice.DataProviderUsage" name="testcase" time="0.016"/>
  <testcase classname="DDTPractice.DataProviderUsage" name="testcase" time="0.003"/>
</testsuite> <!-- DDTPractice.DataProviderUsage -->
