<?xml version="1.0" encoding="UTF-8"?>
<!-- Generated by org.testng.reporters.JUnitReportReporter -->
<testsuite hostname="DESKTOP-NSGQES8" failures="0" tests="1" name="ContactTest.createContact" time="23.247" errors="0" timestamp="2025-03-29T20:29:55 IST" skipped="0">
  <testcase classname="ContactTest.createContact" name="createContactWithCampaignTest" time="23.247">
    <system-out>
      <![CDATA[Contact Smith_1572 added successfully]]>
    </system-out>
  </testcase> <!-- createContactWithCampaignTest -->
  <system-out>
    <![CDATA[Campaign Banner111311 added successfully
Campaign Banner111164 added successfully
Product Macbook Air7731 added successfully
Contact Smith_1572 added successfully]]>
  </system-out>
</testsuite> <!-- ContactTest.createContact -->
